{"/home/trieu/learn/testing/testing101/app.js": {"path":"/home/trieu/learn/testing/testing101/app.js","statementMap":{"0":{"start":{"line":1,"column":20},"end":{"line":1,"column":42}},"1":{"start":{"line":2,"column":16},"end":{"line":2,"column":34}},"2":{"start":{"line":3,"column":13},"end":{"line":3,"column":28}},"3":{"start":{"line":4,"column":21},"end":{"line":4,"column":45}},"4":{"start":{"line":5,"column":15},"end":{"line":5,"column":32}},"5":{"start":{"line":7,"column":20},"end":{"line":7,"column":45}},"6":{"start":{"line":8,"column":20},"end":{"line":8,"column":45}},"7":{"start":{"line":10,"column":17},"end":{"line":10,"column":36}},"8":{"start":{"line":11,"column":12},"end":{"line":11,"column":47}},"9":{"start":{"line":12,"column":0},"end":{"line":15,"column":2}},"10":{"start":{"line":17,"column":12},"end":{"line":17,"column":21}},"11":{"start":{"line":20,"column":0},"end":{"line":20,"column":48}},"12":{"start":{"line":21,"column":0},"end":{"line":21,"column":31}},"13":{"start":{"line":23,"column":0},"end":{"line":23,"column":23}},"14":{"start":{"line":24,"column":0},"end":{"line":24,"column":24}},"15":{"start":{"line":25,"column":0},"end":{"line":25,"column":49}},"16":{"start":{"line":26,"column":0},"end":{"line":26,"column":24}},"17":{"start":{"line":27,"column":0},"end":{"line":27,"column":56}},"18":{"start":{"line":29,"column":0},"end":{"line":29,"column":26}},"19":{"start":{"line":30,"column":0},"end":{"line":30,"column":31}},"20":{"start":{"line":33,"column":0},"end":{"line":35,"column":3}},"21":{"start":{"line":34,"column":2},"end":{"line":34,"column":25}},"22":{"start":{"line":38,"column":0},"end":{"line":47,"column":3}},"23":{"start":{"line":40,"column":2},"end":{"line":40,"column":35}},"24":{"start":{"line":41,"column":2},"end":{"line":41,"column":69}},"25":{"start":{"line":44,"column":2},"end":{"line":44,"column":32}},"26":{"start":{"line":45,"column":2},"end":{"line":45,"column":11}},"27":{"start":{"line":49,"column":0},"end":{"line":49,"column":21}}},"fnMap":{"0":{"name":"(anonymous_0)","decl":{"start":{"line":33,"column":8},"end":{"line":33,"column":9}},"loc":{"start":{"line":33,"column":33},"end":{"line":35,"column":1}},"line":33},"1":{"name":"(anonymous_1)","decl":{"start":{"line":38,"column":8},"end":{"line":38,"column":9}},"loc":{"start":{"line":38,"column":38},"end":{"line":47,"column":1}},"line":38}},"branchMap":{"0":{"loc":{"start":{"line":41,"column":21},"end":{"line":41,"column":68}},"type":"cond-expr","locations":[{"start":{"line":41,"column":60},"end":{"line":41,"column":63}},{"start":{"line":41,"column":66},"end":{"line":41,"column":68}}],"line":41},"1":{"loc":{"start":{"line":44,"column":13},"end":{"line":44,"column":30}},"type":"binary-expr","locations":[{"start":{"line":44,"column":13},"end":{"line":44,"column":23}},{"start":{"line":44,"column":27},"end":{"line":44,"column":30}}],"line":44}},"s":{"0":1,"1":1,"2":1,"3":1,"4":1,"5":1,"6":1,"7":1,"8":1,"9":1,"10":1,"11":1,"12":1,"13":1,"14":1,"15":1,"16":1,"17":1,"18":1,"19":1,"20":1,"21":0,"22":1,"23":0,"24":0,"25":0,"26":0,"27":1},"f":{"0":0,"1":0},"b":{"0":[0,0],"1":[0,0]},"_coverageSchema":"1a1c01bbd47fc00a2c39e90264f33305004495a9","hash":"dee3a3fb531472e78afa399d1766220885e31d75"}
,"/home/trieu/learn/testing/testing101/controllers/user.js": {"path":"/home/trieu/learn/testing/testing101/controllers/user.js","statementMap":{"0":{"start":{"line":1,"column":18},"end":{"line":1,"column":43}},"1":{"start":{"line":3,"column":0},"end":{"line":23,"column":1}},"2":{"start":{"line":4,"column":2},"end":{"line":21,"column":3}},"3":{"start":{"line":5,"column":17},"end":{"line":5,"column":25}},"4":{"start":{"line":6,"column":21},"end":{"line":6,"column":36}},"5":{"start":{"line":7,"column":4},"end":{"line":7,"column":31}},"6":{"start":{"line":8,"column":21},"end":{"line":8,"column":67}},"7":{"start":{"line":9,"column":4},"end":{"line":9,"column":32}},"8":{"start":{"line":11,"column":4},"end":{"line":11,"column":44}},"9":{"start":{"line":12,"column":4},"end":{"line":12,"column":25}},"10":{"start":{"line":13,"column":4},"end":{"line":13,"column":38}},"11":{"start":{"line":15,"column":4},"end":{"line":17,"column":6}},"12":{"start":{"line":19,"column":4},"end":{"line":19,"column":32}},"13":{"start":{"line":20,"column":4},"end":{"line":20,"column":15}},"14":{"start":{"line":25,"column":0},"end":{"line":25,"column":28}},"15":{"start":{"line":27,"column":0},"end":{"line":27,"column":31}},"16":{"start":{"line":29,"column":0},"end":{"line":29,"column":28}}},"fnMap":{"0":{"name":"(anonymous_0)","decl":{"start":{"line":3,"column":17},"end":{"line":3,"column":18}},"loc":{"start":{"line":3,"column":43},"end":{"line":23,"column":1}},"line":3},"1":{"name":"(anonymous_1)","decl":{"start":{"line":25,"column":14},"end":{"line":25,"column":15}},"loc":{"start":{"line":25,"column":26},"end":{"line":25,"column":28}},"line":25},"2":{"name":"(anonymous_2)","decl":{"start":{"line":27,"column":17},"end":{"line":27,"column":18}},"loc":{"start":{"line":27,"column":29},"end":{"line":27,"column":31}},"line":27},"3":{"name":"(anonymous_3)","decl":{"start":{"line":29,"column":14},"end":{"line":29,"column":15}},"loc":{"start":{"line":29,"column":26},"end":{"line":29,"column":28}},"line":29}},"branchMap":{},"s":{"0":1,"1":1,"2":1,"3":1,"4":1,"5":1,"6":1,"7":1,"8":1,"9":1,"10":1,"11":1,"12":0,"13":0,"14":1,"15":1,"16":1},"f":{"0":1,"1":0,"2":0,"3":0},"b":{},"_coverageSchema":"1a1c01bbd47fc00a2c39e90264f33305004495a9","hash":"c734e13cb60de2dc7166b98846f159c45cb92198"}
,"/home/trieu/learn/testing/testing101/models/user.js": {"path":"/home/trieu/learn/testing/testing101/models/user.js","statementMap":{"0":{"start":{"line":1,"column":17},"end":{"line":1,"column":36}},"1":{"start":{"line":2,"column":15},"end":{"line":2,"column":34}},"2":{"start":{"line":4,"column":15},"end":{"line":4,"column":30}},"3":{"start":{"line":6,"column":19},"end":{"line":28,"column":2}},"4":{"start":{"line":30,"column":0},"end":{"line":34,"column":2}},"5":{"start":{"line":31,"column":15},"end":{"line":31,"column":38}},"6":{"start":{"line":32,"column":15},"end":{"line":32,"column":48}},"7":{"start":{"line":33,"column":2},"end":{"line":33,"column":14}},"8":{"start":{"line":36,"column":0},"end":{"line":42,"column":2}},"9":{"start":{"line":37,"column":2},"end":{"line":37,"column":50}},"10":{"start":{"line":38,"column":2},"end":{"line":38,"column":28}},"11":{"start":{"line":39,"column":2},"end":{"line":39,"column":42}},"12":{"start":{"line":40,"column":17},"end":{"line":40,"column":66}},"13":{"start":{"line":41,"column":2},"end":{"line":41,"column":16}},"14":{"start":{"line":44,"column":0},"end":{"line":44,"column":52}}},"fnMap":{"0":{"name":"(anonymous_0)","decl":{"start":{"line":30,"column":37},"end":{"line":30,"column":38}},"loc":{"start":{"line":30,"column":57},"end":{"line":34,"column":1}},"line":30},"1":{"name":"(anonymous_1)","decl":{"start":{"line":36,"column":35},"end":{"line":36,"column":36}},"loc":{"start":{"line":36,"column":74},"end":{"line":42,"column":1}},"line":36}},"branchMap":{},"s":{"0":1,"1":1,"2":1,"3":1,"4":1,"5":1,"6":1,"7":1,"8":1,"9":0,"10":0,"11":0,"12":0,"13":0,"14":1},"f":{"0":1,"1":0},"b":{},"_coverageSchema":"1a1c01bbd47fc00a2c39e90264f33305004495a9","hash":"49d9a17df94d6b98843c5e56987b5149a89c0fbf"}
,"/home/trieu/learn/testing/testing101/routes/index.js": {"path":"/home/trieu/learn/testing/testing101/routes/index.js","statementMap":{"0":{"start":{"line":1,"column":14},"end":{"line":1,"column":32}},"1":{"start":{"line":2,"column":13},"end":{"line":2,"column":29}},"2":{"start":{"line":5,"column":0},"end":{"line":7,"column":3}},"3":{"start":{"line":6,"column":2},"end":{"line":6,"column":44}},"4":{"start":{"line":9,"column":0},"end":{"line":9,"column":24}}},"fnMap":{"0":{"name":"(anonymous_0)","decl":{"start":{"line":5,"column":16},"end":{"line":5,"column":17}},"loc":{"start":{"line":5,"column":41},"end":{"line":7,"column":1}},"line":5}},"branchMap":{},"s":{"0":1,"1":1,"2":1,"3":0,"4":1},"f":{"0":0},"b":{},"_coverageSchema":"1a1c01bbd47fc00a2c39e90264f33305004495a9","hash":"fffec0e63497b5a04324380d262cc68d34f9fd9f"}
,"/home/trieu/learn/testing/testing101/routes/users.js": {"path":"/home/trieu/learn/testing/testing101/routes/users.js","statementMap":{"0":{"start":{"line":1,"column":14},"end":{"line":1,"column":32}},"1":{"start":{"line":2,"column":13},"end":{"line":2,"column":29}},"2":{"start":{"line":4,"column":23},"end":{"line":4,"column":53}},"3":{"start":{"line":7,"column":0},"end":{"line":9,"column":3}},"4":{"start":{"line":8,"column":2},"end":{"line":8,"column":38}},"5":{"start":{"line":11,"column":0},"end":{"line":11,"column":39}},"6":{"start":{"line":12,"column":0},"end":{"line":12,"column":42}},"7":{"start":{"line":13,"column":0},"end":{"line":13,"column":38}},"8":{"start":{"line":14,"column":0},"end":{"line":14,"column":38}},"9":{"start":{"line":16,"column":0},"end":{"line":16,"column":24}}},"fnMap":{"0":{"name":"(anonymous_0)","decl":{"start":{"line":7,"column":22},"end":{"line":7,"column":23}},"loc":{"start":{"line":7,"column":47},"end":{"line":9,"column":1}},"line":7}},"branchMap":{},"s":{"0":1,"1":1,"2":1,"3":1,"4":1,"5":1,"6":1,"7":1,"8":1,"9":1},"f":{"0":1},"b":{},"_coverageSchema":"1a1c01bbd47fc00a2c39e90264f33305004495a9","hash":"eade73e2ee0f88357b55cad54ff4d9977a480696"}
}
